Log file open, 04/13/15 18:44:15
LogInit:Display: Running engine for game: EvolveProject
LogInit: Version: 4.7.5-2503383+++depot+UE4-Releases+4.7
LogInit: API Version: 2455222
LogInit: Compiled (64-bit): Apr  6 2015 23:21:51
LogInit: Compiled with Visual C++: 18.00.21005.01
LogInit: Build Configuration: Development
LogInit: Branch Name: ++depot+UE4-Releases+4.7
LogInit: Command line:  
LogInit: Base directory: D:/Program Files/Epic Games/4.7/Engine/Binaries/Win64/
LogInit: Rocket: 1
[2015.04.13-16.44.15:016][  0]LogTaskGraph: Started task graph with 3 named threads and 6 total threads.
[2015.04.13-16.44.15:070][  0]LogOnline:Warning: No default platform service specified for OnlineSubsystem
[2015.04.13-16.44.15:087][  0]LogInit: Presizing for 0 objects not considered by GC, pre-allocating 0 bytes.
[2015.04.13-16.44.15:100][  0]LogInit: Object subsystem initialized
[2015.04.13-16.44.15:102][  0]LogConsoleResponse:Warning: Skipping Unknown console variable: 'TranslucentSortAxis = (X=0.000000,Y=-1.000000,Z=0.000000)'
[2015.04.13-16.44.15:102][  0]LogConsoleResponse:Warning:   Found in ini file 'D:/workspace/Evolve/EvolveProject/Saved/Config/Windows/Engine.ini', in section '[/Script/Engine.RendererSettings]'
[2015.04.13-16.44.15:102][  0]LogConsoleResponse:Warning: Skipping Unknown console variable: 'UIScaleRule = ShortestSide'
[2015.04.13-16.44.15:102][  0]LogConsoleResponse:Warning:   Found in ini file 'D:/workspace/Evolve/EvolveProject/Saved/Config/Windows/Engine.ini', in section '[/Script/Engine.RendererSettings]'
[2015.04.13-16.44.15:102][  0]LogConsoleResponse:Warning: Skipping Unknown console variable: 'UIScaleCurve = (EditorCurveData=(Keys=),ExternalCurve=None)'
[2015.04.13-16.44.15:102][  0]LogConsoleResponse:Warning:   Found in ini file 'D:/workspace/Evolve/EvolveProject/Saved/Config/Windows/Engine.ini', in section '[/Script/Engine.RendererSettings]'
[2015.04.13-16.44.15:102][  0]LogInit: Selected Device Profile: [Windows]
[2015.04.13-16.44.15:102][  0]LogInit: Applying CVar settings loaded from the selected device profile: [Windows]
[2015.04.13-16.44.15:107][  0]LogInit: Computer: STARTOP-W230ST
[2015.04.13-16.44.15:107][  0]LogInit: User: Andreas
[2015.04.13-16.44.15:107][  0]LogInit: CPU Page size=4096, Cores=4
[2015.04.13-16.44.15:107][  0]LogInit: High frequency timer resolution =2.338333 MHz
[2015.04.13-16.44.15:107][  0]LogMemory: Memory total: Physical=15.9GB (16GB approx) Virtual=131072.0GB
[2015.04.13-16.44.15:108][  0]LogMemory: Platform Memory Stats for Windows
[2015.04.13-16.44.15:108][  0]LogMemory: Process Physical Memory: 46.27 MB used, 46.27 MB peak
[2015.04.13-16.44.15:108][  0]LogMemory: Process Virtual Memory: 25.74 MB used, 25.74 MB peak
[2015.04.13-16.44.15:108][  0]LogMemory: Physical Memory: 4688.46 MB used, 16304.36 MB total
[2015.04.13-16.44.15:108][  0]LogMemory: Virtual Memory: 286.21 MB used, 134217728.00 MB total
[2015.04.13-16.44.15:135][  0]LogD3D11RHI: Found D3D11 adapter 0: NVIDIA GeForce GTX 765M      (Feature Level 11_0)
[2015.04.13-16.44.15:135][  0]LogD3D11RHI: Adapter has 1988MB of dedicated video memory, 0MB of dedicated system memory, and 2048MB of shared system memory, 2 output[s]
[2015.04.13-16.44.15:151][  0]LogD3D11RHI: Found D3D11 adapter 1: NVIDIA GeForce GTX 765M      (Feature Level 11_0)
[2015.04.13-16.44.15:151][  0]LogD3D11RHI: Adapter has 1988MB of dedicated video memory, 0MB of dedicated system memory, and 2048MB of shared system memory, 0 output[s]
[2015.04.13-16.44.15:152][  0]LogD3D11RHI: Found D3D11 adapter 2: Microsoft Basic Render Driver (Feature Level 11_0)
[2015.04.13-16.44.15:152][  0]LogD3D11RHI: Adapter has 1988MB of dedicated video memory, 0MB of dedicated system memory, and 2048MB of shared system memory, 0 output[s]
[2015.04.13-16.44.15:152][  0]LogD3D11RHI: Chosen D3D11 Adapter Id = 0
[2015.04.13-16.44.15:157][  0]LogRHI: Texture pool is 1361 MB (70% of 1945 MB)
[2015.04.13-16.44.15:171][  0]LogD3D11RHI: Async texture creation enabled
[2015.04.13-16.44.15:233][  0]LogTextLocalizationManager: The requested culture ('en_US') has no localization data; parent culture's ('en') localization data will be used.
[2015.04.13-16.44.15:294][  0]LogTextLocalizationManager:Warning: Loading localization resources contain conflicting entries for (Namespace:UICommands, Key:Save_ToolTip):
Resource: (D:/Program Files/Epic Games/4.7/Engine/Content/Localization/Editor/en/Editor.locres) Hash: (-29098895) String: (Saves the current level to disk)
Resource: (D:/Program Files/Epic Games/4.7/Engine/Content/Localization/Engine/en/Engine.locres) Hash: (-1280300587) String: (Save selected data to vlog file)
[2015.04.13-16.44.15:294][  0]LogTextLocalizationManager:Warning: Loading localization resources contain conflicting entries for (Namespace:ContentBrowser, Key:ImportAssetToolTip):
Resource: (D:/Program Files/Epic Games/4.7/Engine/Content/Localization/Editor/en/Editor.locres) Hash: (-630476809) String: (Import to {0}...)
Resource: (D:/Program Files/Epic Games/4.7/Engine/Content/Localization/Editor/en/Editor.locres) Hash: (1271782899) String: (Imports an asset from file to this folder.)
[2015.04.13-16.44.15:368][  0]LogContentStreaming: Texture pool size is 0.000000MB
[2015.04.13-16.44.17:466][  0]LogTargetPlatformManager:Display: Building Assets For Windows
[2015.04.13-16.44.17:935][  0]LogTargetPlatformManager:Display: Building Assets For Windows
[2015.04.13-16.44.17:983][  0]LogDerivedDataCache:Display: Max Cache Size: 512 MB
[2015.04.13-16.44.18:020][  0]LogDerivedDataCache: Loaded boot cache 0.04s 44MB C:/Users/Andreas/AppData/Local/UnrealEngine/4.7/DerivedDataCache/Boot.ddc.
[2015.04.13-16.44.18:020][  0]LogDerivedDataCache:Display: Loaded Boot cache: C:/Users/Andreas/AppData/Local/UnrealEngine/4.7/DerivedDataCache/Boot.ddc
[2015.04.13-16.44.18:020][  0]LogDerivedDataCache: FDerivedDataBackendGraph:  Pak pak cache file ../../../../../../workspace/Evolve/EvolveProject/DerivedDataCache/DDC.ddp not found, will not use a pak cache.
[2015.04.13-16.44.18:020][  0]LogDerivedDataCache: Unable to find inner node Pak for hierarchical cache Hierarchy.
[2015.04.13-16.44.18:128][  0]LogDerivedDataCache:Display: Pak cache opened for reading ../../../Engine/DerivedDataCache/Compressed.ddp.
[2015.04.13-16.44.18:139][  0]LogDerivedDataCache: Using Local data cache path C:/Users/Andreas/AppData/Local/UnrealEngine/Common/DerivedDataCache: Writable
[2015.04.13-16.44.18:389][  0]LogMeshUtilities: No automatic mesh reduction module available
[2015.04.13-16.44.18:389][  0]LogMeshUtilities: No automatic mesh merging module available
[2015.04.13-16.44.18:721][  0]LogInit: WinSock: version 1.1 (2.2), MaxSocks=32767, MaxUdp=65467
[2015.04.13-16.44.18:784][  0]LogSlate:Warning: Failed to load font data from '../../../Engine/Content/Slate/Fonts/Roboto-Italic.ttf'
[2015.04.13-16.44.19:485][  0]UdpMessaging: Initializing bridge on interface 0.0.0.0:0 to multicast group 230.0.0.1:6666.
[2015.04.13-16.44.19:640][  0]SourceControl: Info Source control is disabled
[2015.04.13-16.44.19:640][  0]SourceControl: Info Source control is disabled
[2015.04.13-16.44.19:640][  0]SourceControl: Info Source control is disabled
[2015.04.13-16.44.19:640][  0]LogSourceControl: RunCommandInternalRaw: 'git version'
[2015.04.13-16.44.19:640][  0]LogSourceControl: RunCommandInternalRaw: ExecProcess ReturnCode=2 OutResults=''
[2015.04.13-16.44.19:646][  0]SourceControl: Info Source control is disabled
[2015.04.13-16.44.19:775][  0]LogObj: 24232 objects as part of root set at end of initial load.
[2015.04.13-16.44.19:775][  0]LogUObjectAllocator: 5137176 out of 0 bytes used by permanent object pool.
[2015.04.13-16.44.19:848][  0]LogEngine: Initializing Engine...
[2015.04.13-16.44.22:011][  0]LogInit: XAudio2 using 'Pluged in Speakers (3- High Definition Audio Device)' : 2 channels at 44.1 kHz using 16 bits per sample (channel mask 0x3)
[2015.04.13-16.44.22:023][  0]LogInit: FAudioDevice initialized.
[2015.04.13-16.44.22:052][  0]LogAIModule: Creating AISystem for world NewWorld
[2015.04.13-16.44.22:074][  0]LogDerivedDataCache: Saved boot cache 0.02s 39MB C:/Users/Andreas/AppData/Local/UnrealEngine/4.7/DerivedDataCache/Boot.ddc.
[2015.04.13-16.44.22:077][  0]LogInit: Texture streaming: Enabled
[2015.04.13-16.44.22:161][  0]LogAnalytics: Creating configured Analytics provider AnalyticsET
[2015.04.13-16.44.22:161][  0]LogAnalytics: ET APIKey = Rocket.Release. APIServer = http://et2.epicgames.com/ET2/. AppVersion = 4.7.5-2503383+++depot+UE4-Releases+4.7
[2015.04.13-16.44.22:161][  0]LogAnalytics: ET APIKey = Rocket.Release. DataRouterUploadURL = https://datarouter-public-service-gamedev.ol.epicgames.net/datarouter/api/v1/public/data. AppVersion = 4.7.5-2503383+++depot+UE4-Releases+4.7
[2015.04.13-16.44.22:162][  0]LogAnalytics: SetUserId e5d5f96340dfecf0ad2a468a637cf62a|55b544c516224e719c43dcdbc0369524|c280a533-d1ed-424a-9933-bf831353bf5a
[2015.04.13-16.44.22:162][  0]LogAnalytics: AnalyticsET::StartSession [Rocket.Release]
[2015.04.13-16.44.22:184][  0]LogInit: Transaction tracking system initialized
[2015.04.13-16.44.22:313][  0]BlueprintLog: New page: Editor Load
[2015.04.13-16.44.22:340][  0]LogAssetRegistry: FAssetRegistry took 0.0103 seconds to start up
[2015.04.13-16.44.22:340][  0]LogDirectoryWatcher:Warning: Failed to begin reading directory changes for ../../../Engine/Plugins/Experimental/CharacterAI/Content/. Error: 0
[2015.04.13-16.44.22:848][  0]LogTargetPlatformManager:Display: Building Assets For Windows
[2015.04.13-16.44.23:200][  0]LogTargetPlatformManager:Display: Building Assets For Windows
[2015.04.13-16.44.23:362][  0]LogLinker:Warning: Can't find file '/Game/2DSideScrollerBP/2DSideScrollerOverview'
[2015.04.13-16.44.23:362][  0]LogLinker:Warning: Can't find file '/Game/2DSideScrollerBP/2DSideScrollerOverview'
[2015.04.13-16.44.23:362][  0]LogUObjectGlobals:Warning: Failed to find object 'Class /Game/2DSideScrollerBP/2DSideScrollerOverview.2DSideScrollerOverview_C'
[2015.04.13-16.44.23:384][  0]LogSlate:Warning: Failed to load font data from '../../../Engine/Content/Editor/Slate/Fonts/Roboto-Regular.ttf'
[2015.04.13-16.44.23:384][  0]LogSlate:Warning: Failed to load font data from '../../../Engine/Content/Editor/Slate/Fonts/Roboto-Bold.ttf'
[2015.04.13-16.44.23:388][  0]LogConsoleResponse:Display: 
[2015.04.13-16.44.23:490][  0]LogCook:Display: Done creating registry. It took  0.00s.
[2015.04.13-16.44.23:591][  0]SourceControl: Info Source control is disabled
[2015.04.13-16.44.23:592][  0]Cmd: MAP LOAD FILE="../../../../../../workspace/Evolve/EvolveProject/Content/Maps/EndlessTest.umap" TEMPLATE=0 SHOWPROGRESS=1 FEATURELEVEL=3
[2015.04.13-16.44.23:592][  0]LightingResults: New page: Lighting Build
[2015.04.13-16.44.23:601][  0]MapCheck: New page: Map Check
[2015.04.13-16.44.23:601][  0]LightingResults: New page: Lighting Build
[2015.04.13-16.44.23:611][  0]LogParticles: Destroying 0 GPU particle simulations for FXSystem 0x0000008FA4A74680
[2015.04.13-16.44.25:002][  0]LogBlueprintUserMessages: X=-0.001 Y=-1420.000 Z=-25.689
[2015.04.13-16.44.25:002][  0]LogBlueprintUserMessages: X=0.000 Y=2420.000 Z=-115.689
[2015.04.13-16.44.25:005][  0]LogBlueprintUserMessages: X=10.000 Y=2430.000 Z=314.311
[2015.04.13-16.44.25:007][  0]LogEditorServer: Finished looking for orphan Actors (0.000 secs)
[2015.04.13-16.44.25:011][  0]LogAIModule: Creating AISystem for world EndlessTest
[2015.04.13-16.44.25:012][  0]Cmd: MAP CHECKDEP
[2015.04.13-16.44.25:012][  0]MapCheck: New page: EndlessTest - Apr 13, 2015, 8:44:25 PM
[2015.04.13-16.44.25:093][  0]MapCheck: Info Map check complete: 0 Error(s), 0 Warning(s), took 81.051ms to complete.
[2015.04.13-16.44.25:093][  0]LogFileHelpers: Loading map 'EndlessTest' took 1.502
[2015.04.13-16.44.25:258][  0]LogCollectionManager: Loaded 0 collections in 0.000984 seconds
[2015.04.13-16.44.25:266][  0]LogContentBrowser: Native class hierarchy populated in 0.0076 seconds. Added 1696 classes and 261 folders.
[2015.04.13-16.44.25:290][  0]LogContentBrowser:Verbose: The content browser source was changed by the sources view to '/Game'
[2015.04.13-16.44.25:300][  0]LogContentBrowser: Native class hierarchy updated for 'SceneOutliner' in 0.0013 seconds. Added 1 classes and 2 folders.
[2015.04.13-16.44.25:340][  0]LogCrashTracker: Crashtracker disabled due to settings.
[2015.04.13-16.44.25:341][  0]LogSlate:Warning: Failed to load font data from 'Veranda'
[2015.04.13-16.44.25:346][  0]LogUObjectGlobals:Warning: Failed to find object 'Class None.'
[2015.04.13-16.44.25:373][  0]LogLoad: Full Startup: 12.00 seconds (BP compile: 0.49 seconds)
[2015.04.13-16.44.25:892][  0]LogRenderer:Warning: Reallocating scene render targets to support 1616x808 (Frame:2).
[2015.04.13-16.44.26:752][  3]LogAssetRegistry: Asset discovery search completed in 4.4234 seconds
[2015.04.13-16.44.33:301][ 23]LogPlayLevel: PIE:  No blueprints needed recompiling
[2015.04.13-16.44.33:301][ 23]PIE: New page: PIE session: EndlessTest (Apr 13, 2015, 8:44:33 PM)
[2015.04.13-16.44.33:331][ 23]LogPlayLevel: PIE: StaticDuplicateObject took: (0.016099s)
[2015.04.13-16.44.33:332][ 23]LogPlayLevel: PIE: World Init took: (0.000912s)
[2015.04.13-16.44.33:332][ 23]LogPlayLevel: PIE: Created PIE world by copying editor world from /Game/Maps/EndlessTest.EndlessTest to /Game/Maps/UEDPIE_0_EndlessTest.EndlessTest (0.017344s)
[2015.04.13-16.44.33:411][ 23]LogWorld: Game class is 'SideScrollerGameMode_C'
[2015.04.13-16.44.33:413][ 23]LogAIModule: Creating AISystem for world EndlessTest
[2015.04.13-16.44.33:417][ 23]LogWorld: Bringing World /Game/Maps/UEDPIE_0_EndlessTest.EndlessTest up for play (max tick rate 60) at 2015.04.13-18.44.33
[2015.04.13-16.44.33:418][ 23]LogWorld: Bringing up level for play took: 0.003917
[2015.04.13-16.44.33:424][ 23]PIE: Info Play in editor start time for /Game/Maps/UEDPIE_0_EndlessTest 0.25
[2015.04.13-16.44.37:004][225]LogParticles: Destroying 0 GPU particle simulations for FXSystem 0x0000008FBD138400
[2015.04.13-16.44.43:198][576]LogEditorViewport: Clicking on Actor (LMB): SpotLight (SpotLight)
[2015.04.13-16.44.46:027][741]Cmd: DELETE
[2015.04.13-16.44.46:027][741]Cmd: ACTOR DELETE
[2015.04.13-16.44.46:029][741]LogEditorActor: Deleted Actor: SpotLight
[2015.04.13-16.44.46:048][741]LogEditorActor: Deleted 1 Actors (0.021 secs)
[2015.04.13-16.44.49:721][948]Cmd: CAMERA ALIGN ACTIVEVIEWPORTONLY
[2015.04.13-16.44.51:332][ 30]LogEditorViewport: Clicking on Actor (LMB): BP_Sky_Sphere_C (SkySphereBlueprint)
[2015.04.13-16.45.07:310][923]LogContentBrowser:Verbose: The content browser source was changed by the sources view to '/Game/MobileStarterContent'
[2015.04.13-16.45.10:706][106]LogContentBrowser:Verbose: The content browser source was changed by the sources view to '/Game/SideScrollerBP'
[2015.04.13-16.45.12:120][188]LogContentBrowser:Verbose: The content browser source was changed by the sources view to '/Game/MobileStarterContent'
[2015.04.13-16.45.13:611][222]LogTexture:Display: Building textures: T_Wood_Walnut_D (AutoDXT)
[2015.04.13-16.45.14:506][222]LogTexture:Display: Building textures: T_Wood_Walnut_N (BC5)
[2015.04.13-16.45.14:629][222]LogMaterial: Missing cached shader map for material M_Wood_Walnut, compiling. 
[2015.04.13-16.45.14:792][222]LogTexture:Display: Building textures: T_Metal_Aluminum_D (AutoDXT)
[2015.04.13-16.45.16:081][222]LogMaterial: Missing cached shader map for material M_Metal_Burnished_Steel, compiling. 
[2015.04.13-16.45.16:113][222]LogMaterial: Missing cached shader map for material M_Dust_Particle, compiling. 
[2015.04.13-16.45.16:168][222]LogMaterial: Missing cached shader map for material M_Spark, compiling. 
[2015.04.13-16.45.16:284][222]LogTexture:Display: Building textures: T_Brick_Clay_Beveled_N (BC5)
[2015.04.13-16.45.16:463][222]LogMaterial: Missing cached shader map for material M_Brick_Clay_Beveled, compiling. 
[2015.04.13-16.45.16:563][222]LogTexture:Display: Building textures: T_Brick_Clay_Old_N (BC5)
[2015.04.13-16.45.16:783][222]LogMaterial: Missing cached shader map for material M_Brick_Clay_Old, compiling. 
[2015.04.13-16.45.16:862][222]LogTexture:Display: Building textures: T_Brick_Cut_Stone_N (BC5)
[2015.04.13-16.45.17:033][222]LogMaterial: Missing cached shader map for material M_Brick_Cut_Stone, compiling. 
[2015.04.13-16.45.17:144][222]LogTexture:Display: Building textures: T_Brick_Hewn_Stone_N (BC5)
[2015.04.13-16.45.17:324][222]LogMaterial: Missing cached shader map for material M_Brick_Hewn_Stone, compiling. 
[2015.04.13-16.45.17:351][222]LogTexture:Display: Building textures: T_Ceramic_Tile_N (BC5)
[2015.04.13-16.45.17:490][222]LogMaterial: Missing cached shader map for material M_Ceramic_Tile_Checker, compiling. 
[2015.04.13-16.45.17:642][222]LogTexture:Display: Building textures: T_CobbleStone_Pebble_N (BC5)
[2015.04.13-16.45.17:829][222]LogMaterial: Missing cached shader map for material M_CobbleStone_Pebble, compiling. 
[2015.04.13-16.45.17:928][222]LogTexture:Display: Building textures: T_CobbleStone_Smooth_N (BC5)
[2015.04.13-16.45.18:119][222]LogMaterial: Missing cached shader map for material M_CobbleStone_Smooth, compiling. 
[2015.04.13-16.45.18:254][222]LogTexture:Display: Building textures: T_Metal_Rust_N (BC5)
[2015.04.13-16.45.18:451][222]LogMaterial: Missing cached shader map for material M_Concrete_Grime, compiling. 
[2015.04.13-16.45.18:540][222]LogTexture:Display: Building textures: T_Concrete_Panels_N (BC5)
[2015.04.13-16.45.18:710][222]LogMaterial: Missing cached shader map for material M_Concrete_Panels, compiling. 
[2015.04.13-16.45.18:807][222]LogTexture:Display: Building textures: T_Concrete_Poured_N (BC5)
[2015.04.13-16.45.18:985][222]LogMaterial: Missing cached shader map for material M_Concrete_Poured, compiling. 
[2015.04.13-16.45.19:071][222]LogTexture:Display: Building textures: T_Concrete_Tiles_N (BC5)
[2015.04.13-16.45.19:241][222]LogMaterial: Missing cached shader map for material M_Concrete_Tiles, compiling. 
[2015.04.13-16.45.19:330][222]LogTexture:Display: Building textures: T_Ground_Gravel_D (AutoDXT)
[2015.04.13-16.45.20:818][222]LogTexture:Display: Building textures: T_Ground_Gravel_N (BC5)
[2015.04.13-16.45.21:010][222]LogMaterial: Missing cached shader map for material M_Ground_Gravel, compiling. 
[2015.04.13-16.45.21:066][222]LogMaterial: Missing cached shader map for material M_Metal_Copper, compiling. 
[2015.04.13-16.45.21:231][222]LogTexture:Display: Building textures: T_Metal_Rust_D (AutoDXT)
[2015.04.13-16.45.22:634][222]LogMaterial: Missing cached shader map for material M_Metal_Rust, compiling. 
[2015.04.13-16.45.22:777][222]LogTexture:Display: Building textures: T_Rock_Sandstone_D (AutoDXT)
[2015.04.13-16.45.24:265][222]LogTexture:Display: Building textures: T_Rock_Sandstone_N (BC5)
[2015.04.13-16.45.24:460][222]LogMaterial: Missing cached shader map for material M_Rock_Sandstone, compiling. 
[2015.04.13-16.45.24:564][222]LogTexture:Display: Building textures: T_Rock_Slate_N (BC5)
[2015.04.13-16.45.24:766][222]LogMaterial: Missing cached shader map for material M_Rock_Slate, compiling. 
[2015.04.13-16.45.24:777][222]LogTexture:Display: Building textures: T_Single_Tile_N (BC5)
[2015.04.13-16.45.24:783][222]LogTexture:Display: Building textures: T_Tech_Dot_N (BC5)
[2015.04.13-16.45.24:805][222]LogMaterial: Missing cached shader map for material M_Tech_Checker_Dot, compiling. 
[2015.04.13-16.45.24:839][222]LogMaterial: Missing cached shader map for material M_Wood_Floor_Walnut_Worn, compiling. 
[2015.04.13-16.45.24:971][222]LogTexture:Display: Building textures: T_Wood_Pine_N (BC5)
[2015.04.13-16.45.25:136][222]LogMaterial: Missing cached shader map for material M_Wood_Pine, compiling. 
[2015.04.13-16.45.25:347][222]LogTexture:Display: Building textures: T_Frame_M (DXT1)
[2015.04.13-16.45.25:647][222]LogTexture:Display: Building textures: T_Frame_N (BC5)
[2015.04.13-16.45.25:787][222]LogMaterial: Missing cached shader map for material M_Frame, compiling. 
[2015.04.13-16.45.26:026][222]LogTexture:Display: Building textures: HQ_Lightmap1_4 (AutoDXT)
[2015.04.13-16.45.26:207][222]LogTexture:Display: Building textures: LQ_Lightmap_1_2 (DXT1)
[2015.04.13-16.45.26:446][222]LogTexture:Display: Building textures: LQ_Lightmap_1_3 (DXT1)
[2015.04.13-16.45.26:833][222]LogParticles:Warning: InitializeSystem called on an unregistered component. Template=/Game/MobileStarterContent/Particles/P_Ambient_Dust.P_Ambient_Dust Component=/Game/MobileStarterContent/Maps/StarterMap.StarterMap:PersistentLevel.P_Ambient_Dust_17.ParticleSystemComponent0
[2015.04.13-16.45.26:844][222]LogParticles:Warning: InitializeSystem called on an unregistered component. Template=/Game/MobileStarterContent/Particles/P_Smoke.P_Smoke Component=/Game/MobileStarterContent/Maps/StarterMap.StarterMap:PersistentLevel.Blueprint_Effect_Smoke_C_0.P_Smoke
[2015.04.13-16.45.26:845][222]LogParticles:Warning: InitializeSystem called on an unregistered component. Template=/Game/MobileStarterContent/Particles/P_Fire.P_Fire Component=/Game/MobileStarterContent/Maps/StarterMap.StarterMap:PersistentLevel.Blueprint_Effect_Fire_C_0.P_Fire
[2015.04.13-16.45.26:848][222]LogParticles:Warning: InitializeSystem called on an unregistered component. Template=/Game/MobileStarterContent/Particles/P_Sparks.P_Sparks Component=/Game/MobileStarterContent/Maps/StarterMap.StarterMap:PersistentLevel.Blueprint_Effect_Sparks_C_0.Sparks
[2015.04.13-16.45.26:901][222]LogParticles:Warning: InitializeSystem called on an unregistered component. Template=/Game/MobileStarterContent/Particles/P_Smoke.P_Smoke Component=/Game/MobileStarterContent/Maps/StarterMap.StarterMap:PersistentLevel.Blueprint_Effect_Smoke_C_0.P_Smoke
[2015.04.13-16.45.26:902][222]LogParticles:Warning: InitializeSystem called on an unregistered component. Template=/Game/MobileStarterContent/Particles/P_Fire.P_Fire Component=/Game/MobileStarterContent/Maps/StarterMap.StarterMap:PersistentLevel.Blueprint_Effect_Fire_C_0.P_Fire
[2015.04.13-16.45.26:904][222]LogParticles:Warning: InitializeSystem called on an unregistered component. Template=/Game/MobileStarterContent/Particles/P_Sparks.P_Sparks Component=/Game/MobileStarterContent/Maps/StarterMap.StarterMap:PersistentLevel.Blueprint_Effect_Sparks_C_0.Sparks
[2015.04.13-16.46.37:796][222]Cmd: MAP LOAD FILE="../../../../../../workspace/Evolve/EvolveProject/Content/MobileStarterContent/Maps/StarterMap.umap" TEMPLATE=0 SHOWPROGRESS=1 FEATURELEVEL=3
[2015.04.13-16.46.37:798][222]LightingResults: New page: Lighting Build
[2015.04.13-16.46.37:839][222]LoadErrors: New page: Loading map: StarterMap.umap
[2015.04.13-16.46.37:841][222]MapCheck: New page: Map Check
[2015.04.13-16.46.37:841][222]LightingResults: New page: Lighting Build
[2015.04.13-16.46.37:860][222]LogParticles: Destroying 0 GPU particle simulations for FXSystem 0x0000008FB7C196C0
[2015.04.13-16.46.38:234][222]LogEditorServer: Finished looking for orphan Actors (0.000 secs)
[2015.04.13-16.46.38:409][222]LogAIModule: Creating AISystem for world StarterMap
[2015.04.13-16.46.38:451][222]Cmd: MAP CHECKDEP
[2015.04.13-16.46.38:451][222]MapCheck: New page: StarterMap - Apr 13, 2015, 8:46:38 PM
[2015.04.13-16.46.38:673][222]MapCheck: Info Map check complete: 0 Error(s), 0 Warning(s), took 222.482ms to complete.
[2015.04.13-16.46.38:674][222]LogFileHelpers: Loading map 'StarterMap' took 0.881
[2015.04.13-16.46.43:406][342]LogContentBrowser:Verbose: The content browser source was changed by the sources view to '/Game/SideScrollerBP'
[2015.04.13-16.46.46:052][381]Cmd: MAP LOAD FILE="../../../../../../workspace/Evolve/EvolveProject/Content/SideScrollerBP/Maps/SideScrollerExampleMap.umap" TEMPLATE=0 SHOWPROGRESS=1 FEATURELEVEL=3
[2015.04.13-16.46.46:055][381]LightingResults: New page: Lighting Build
[2015.04.13-16.46.46:117][381]LoadErrors: New page: Loading map: SideScrollerExampleMap.umap
[2015.04.13-16.46.46:120][381]MapCheck: New page: Map Check
[2015.04.13-16.46.46:120][381]LightingResults: New page: Lighting Build
[2015.04.13-16.46.46:141][381]LogParticles: Destroying 0 GPU particle simulations for FXSystem 0x0000008FBFE52E80
[2015.04.13-16.46.46:161][381]LogEditorServer: Finished looking for orphan Actors (0.000 secs)
[2015.04.13-16.46.47:496][381]LogAIModule: Creating AISystem for world SideScrollerExampleMap
[2015.04.13-16.46.47:538][381]Cmd: MAP CHECKDEP
[2015.04.13-16.46.47:538][381]MapChe